<?xml version="1.0" encoding="UTF-8"?>
<!-- Generated by org.testng.reporters.JUnitXMLReporter -->
<testsuite hostname="Shreyata" ignored="1" name="TestNG Testcases" tests="3" failures="0" timestamp="07 May 2017 19:38:05 GMT" time="10.822" errors="0">
  <testcase name="@BeforeTest Setup" time="10.676" classname="TestAutomation.LoginWithTestNG">
    <failure type="org.openqa.selenium.WebDriverException" message="Not a Number
Build info: version: &amp;apos;unknown&amp;apos;, revision: &amp;apos;unknown&amp;apos;, time: &amp;apos;unknown&amp;apos;
System info: host: &amp;apos;SHREYATA&amp;apos;, ip: &amp;apos;192.168.1.106&amp;apos;, os.name: &amp;apos;Windows 10&amp;apos;, os.arch: &amp;apos;amd64&amp;apos;, os.version: &amp;apos;10.0&amp;apos;, java.version: &amp;apos;1.8.0_131&amp;apos;
Driver info: org.openqa.selenium.firefox.FirefoxDriver
Capabilities [{rotatable=false, raisesAccessibilityExceptions=false, appBuildId=20161208153507, version=50.1.0, platform=XP, proxy=Proxy(), command_id=1.0, specificationLevel=0.0, acceptSslCerts=false, processId=4856.0, browserVersion=50.1.0, platformVersion=10.0, XULappId={ec8030f7-c20a-464f-9b0e-13a3a9e97384}, browserName=firefox, takesScreenshot=true, takesElementScreenshot=true, javascriptEnabled=true, platformName=windows_nt}]
Session ID: 0bb4ecfb-bee6-45ce-9620-0fc70cd40794">
      <![CDATA[org.openqa.selenium.WebDriverException: Not a Number
Build info: version: 'unknown', revision: 'unknown', time: 'unknown'
System info: host: 'SHREYATA', ip: '192.168.1.106', os.name: 'Windows 10', os.arch: 'amd64', os.version: '10.0', java.version: '1.8.0_131'
Driver info: org.openqa.selenium.firefox.FirefoxDriver
Capabilities [{rotatable=false, raisesAccessibilityExceptions=false, appBuildId=20161208153507, version=50.1.0, platform=XP, proxy=Proxy(), command_id=1.0, specificationLevel=0.0, acceptSslCerts=false, processId=4856.0, browserVersion=50.1.0, platformVersion=10.0, XULappId={ec8030f7-c20a-464f-9b0e-13a3a9e97384}, browserName=firefox, takesScreenshot=true, takesElementScreenshot=true, javascriptEnabled=true, platformName=windows_nt}]
Session ID: 0bb4ecfb-bee6-45ce-9620-0fc70cd40794
	at org.openqa.selenium.remote.http.W3CHttpResponseCodec.createException(W3CHttpResponseCodec.java:150)
	at org.openqa.selenium.remote.http.W3CHttpResponseCodec.decode(W3CHttpResponseCodec.java:115)
	at org.openqa.selenium.remote.http.W3CHttpResponseCodec.decode(W3CHttpResponseCodec.java:45)
	at org.openqa.selenium.remote.HttpCommandExecutor.execute(HttpCommandExecutor.java:164)
	at org.openqa.selenium.remote.service.DriverCommandExecutor.execute(DriverCommandExecutor.java:82)
	at org.openqa.selenium.remote.RemoteWebDriver.execute(RemoteWebDriver.java:637)
	at org.openqa.selenium.remote.RemoteWebDriver$RemoteWebDriverOptions$RemoteTimeouts.implicitlyWait(RemoteWebDriver.java:868)
	at TestAutomation.LoginWithTestNG.Setup(LoginWithTestNG.java:24)
... Removed 27 stack frames]]>
    </failure>
  </testcase> <!-- @BeforeTest Setup -->
  <testcase name="@BeforeTest beforeTest" time="0.0" classname="TestAutomation.TestNGTestCase">
    <skipped/>
  </testcase> <!-- @BeforeTest beforeTest -->
  <testcase name="@BeforeClass beforeClass" time="0.0" classname="TestAutomation.TestNGTestCase">
    <skipped/>
  </testcase> <!-- @BeforeClass beforeClass -->
  <testcase name="@BeforeMethod beforeMethod" time="0.0" classname="TestAutomation.TestNGTestCase">
    <skipped/>
  </testcase> <!-- @BeforeMethod beforeMethod -->
  <testcase name="@BeforeMethod beforeMethod" time="0.0" classname="TestAutomation.TestNGTestCase">
    <skipped/>
  </testcase> <!-- @BeforeMethod beforeMethod -->
  <testcase name="@AfterClass afterClass" time="0.0" classname="TestAutomation.TestNGTestCase">
    <skipped/>
  </testcase> <!-- @AfterClass afterClass -->
  <testcase name="@AfterTest CleanUp" time="0.0" classname="TestAutomation.LoginWithTestNG">
    <skipped/>
  </testcase> <!-- @AfterTest CleanUp -->
  <testcase name="@AfterTest afterTest" time="0.0" classname="TestAutomation.TestNGTestCase">
    <skipped/>
  </testcase> <!-- @AfterTest afterTest -->
  <testcase name="Login" time="0.001" classname="TestAutomation.LoginWithTestNG">
    <skipped/>
  </testcase> <!-- Login -->
  <testcase name="testCase3" time="0.0" classname="TestAutomation.TestNGTestCase">
    <skipped/>
  </testcase> <!-- testCase3 -->
  <testcase name="testCase1" time="0.0" classname="TestAutomation.TestNGTestCase">
    <skipped/>
  </testcase> <!-- testCase1 -->
  <testcase name="testCase2" time="0.0" classname="TestAutomation.TestNGTestCase">
    <ignored/>
  </testcase> <!-- testCase2 -->
</testsuite> <!-- TestNG Testcases -->
